NoteShare/app/build/outputs/logs/manifest-merger-debug-report.txt
-- Merging decision tree log ---
manifest
ADDED from src/main/AndroidManifest.xml:2:1-193:12
	package
		ADDED from src/main/AndroidManifest.xml:3:5-42
		INJECTED from src/main/AndroidManifest.xml
		INJECTED from src/main/AndroidManifest.xml
	android:versionName
		ADDED from src/main/AndroidManifest.xml:5:5-30
		INJECTED from src/main/AndroidManifest.xml
		INJECTED from src/main/AndroidManifest.xml
	android:versionCode
		ADDED from src/main/AndroidManifest.xml:4:5-28
		INJECTED from src/main/AndroidManifest.xml
		INJECTED from src/main/AndroidManifest.xml
	xmlns:android
		ADDED from src/main/AndroidManifest.xml:2:11-69
uses-sdk
ADDED from src/main/AndroidManifest.xml:7:5-9:41
MERGED from [com.google.android.gms:play-services-appindexing:8.4.0] AndroidManifest.xml:18:5-42
MERGED from [com.google.android.gms:play-services-base:8.4.0] AndroidManifest.xml:18:5-42
MERGED from [com.google.android.gms:play-services-basement:8.4.0] AndroidManifest.xml:18:5-42
MERGED from [com.android.support:support-v4:23.1.1] AndroidManifest.xml:20:5-43
MERGED from [com.google.android.gms:play-services-ads:8.4.0] AndroidManifest.xml:23:5-42
MERGED from [com.android.support:appcompat-v7:23.1.1] AndroidManifest.xml:20:5-43
MERGED from [com.android.volley:volley:1.0.0] AndroidManifest.xml:7:5-43
MERGED from [com.android.support.constraint:constraint-layout:1.0.0-alpha4] AndroidManifest.xml:5:5-7:41
	android:targetSdkVersion
		ADDED from src/main/AndroidManifest.xml:9:9-38
		INJECTED from src/main/AndroidManifest.xml
		INJECTED from src/main/AndroidManifest.xml
	android:minSdkVersion
		ADDED from src/main/AndroidManifest.xml:8:9-35
		INJECTED from src/main/AndroidManifest.xml
		INJECTED from src/main/AndroidManifest.xml
uses-permission#android.permission.INTERNET
ADDED from src/main/AndroidManifest.xml:11:5-67
MERGED from [com.google.android.gms:play-services-ads:8.4.0] AndroidManifest.xml:20:5-66
	android:name
		ADDED from src/main/AndroidManifest.xml:11:22-64
uses-permission#android.permission.RECORD_AUDIO
ADDED from src/main/AndroidManifest.xml:12:5-71
	android:name
		ADDED from src/main/AndroidManifest.xml:12:22-68
uses-permission#android.permission.ACCESS_NETWORK_STATE
ADDED from src/main/AndroidManifest.xml:13:5-79
MERGED from [com.google.android.gms:play-services-ads:8.4.0] AndroidManifest.xml:21:5-78
	android:name
		ADDED from src/main/AndroidManifest.xml:13:22-76
uses-permission#android.permission.WRITE_EXTERNAL_STORAGE
ADDED from src/main/AndroidManifest.xml:14:5-81
	android:name
		ADDED from src/main/AndroidManifest.xml:14:22-78
uses-permission#android.permission.READ_EXTERNAL_STORAGE
ADDED from src/main/AndroidManifest.xml:15:5-80
	android:name
		ADDED from src/main/AndroidManifest.xml:15:22-77
uses-permission#android.permission.WRITE_INTERNAL_STORAGE
ADDED from src/main/AndroidManifest.xml:16:5-81
	android:name
		ADDED from src/main/AndroidManifest.xml:16:22-78
uses-permission#android.permission.READ_INTERNAL_STORAGE
ADDED from src/main/AndroidManifest.xml:17:5-80
	android:name
		ADDED from src/main/AndroidManifest.xml:17:22-77
uses-feature#android.hardware.camera
ADDED from src/main/AndroidManifest.xml:19:5-21:35
	android:required
		ADDED from src/main/AndroidManifest.xml:21:9-32
	android:name
		ADDED from src/main/AndroidManifest.xml:20:9-47
uses-permission#android.permission.READ_PHONE_STATE
ADDED from src/main/AndroidManifest.xml:23:5-75
	android:name
		ADDED from src/main/AndroidManifest.xml:23:22-72
application
ADDED from src/main/AndroidManifest.xml:25:5-191:19
MERGED from [com.google.android.gms:play-services-appindexing:8.4.0] AndroidManifest.xml:19:5-20
MERGED from [com.google.android.gms:play-services-basement:8.4.0] AndroidManifest.xml:20:5-24:19
MERGED from [com.android.support:support-v4:23.1.1] AndroidManifest.xml:22:5-20
MERGED from [com.google.android.gms:play-services-ads:8.4.0] AndroidManifest.xml:24:5-32:19
MERGED from [com.android.support:appcompat-v7:23.1.1] AndroidManifest.xml:22:5-20
MERGED from [com.android.volley:volley:1.0.0] AndroidManifest.xml:9:5-20
MERGED from [com.android.support.constraint:constraint-layout:1.0.0-alpha4] AndroidManifest.xml:9:5-20
	android:label
		ADDED from src/main/AndroidManifest.xml:28:9-41
	android:allowBackup
		ADDED from src/main/AndroidManifest.xml:26:9-35
	android:icon
		ADDED from src/main/AndroidManifest.xml:27:9-41
	android:largeHeap
		ADDED from src/main/AndroidManifest.xml:29:9-33
	android:theme
		ADDED from src/main/AndroidManifest.xml:30:9-49
activity#com.eNotes.noteshare.SplashActivity
ADDED from src/main/AndroidManifest.xml:31:9-41:20
	android:screenOrientation
		ADDED from src/main/AndroidManifest.xml:34:13-49
	android:label
		ADDED from src/main/AndroidManifest.xml:33:13-45
	android:theme
		ADDED from src/main/AndroidManifest.xml:35:13-53
	android:name
		ADDED from src/main/AndroidManifest.xml:32:13-63
intent-filter#android.intent.action.MAIN+android.intent.category.LAUNCHER
ADDED from src/main/AndroidManifest.xml:36:13-40:29
action#android.intent.action.MAIN
ADDED from src/main/AndroidManifest.xml:37:17-69
	android:name
		ADDED from src/main/AndroidManifest.xml:37:25-66
category#android.intent.category.LAUNCHER
ADDED from src/main/AndroidManifest.xml:39:17-77
	android:name
		ADDED from src/main/AndroidManifest.xml:39:27-74
activity#com.eNotes.noteshare.MainActivity
ADDED from src/main/AndroidManifest.xml:42:9-45:59
	android:screenOrientation
		ADDED from src/main/AndroidManifest.xml:44:13-49
	android:theme
		ADDED from src/main/AndroidManifest.xml:45:13-56
	android:name
		ADDED from src/main/AndroidManifest.xml:43:13-61
activity#com.eNotes.noteshare.DrawerActivity
ADDED from src/main/AndroidManifest.xml:46:9-49:59
	android:screenOrientation
		ADDED from src/main/AndroidManifest.xml:48:13-49
	android:theme
		ADDED from src/main/AndroidManifest.xml:49:13-56
	android:name
		ADDED from src/main/AndroidManifest.xml:47:13-63
activity#com.eNotes.noteshare.LoginActivity
ADDED from src/main/AndroidManifest.xml:50:9-53:59
	android:screenOrientation
		ADDED from src/main/AndroidManifest.xml:52:13-49
	android:theme
		ADDED from src/main/AndroidManifest.xml:53:13-56
	android:name
		ADDED from src/main/AndroidManifest.xml:51:13-62
activity#com.eNotes.noteshare.RegistrationActivity
ADDED from src/main/AndroidManifest.xml:54:9-57:59
	android:screenOrientation
		ADDED from src/main/AndroidManifest.xml:56:13-49
	android:theme
		ADDED from src/main/AndroidManifest.xml:57:13-56
	android:name
		ADDED from src/main/AndroidManifest.xml:55:13-69
activity#com.eNotes.noteshare.UserProfileActivity
ADDED from src/main/AndroidManifest.xml:58:9-61:59
	android:screenOrientation
		ADDED from src/main/AndroidManifest.xml:60:13-49
	android:theme
		ADDED from src/main/AndroidManifest.xml:61:13-56
	android:name
		ADDED from src/main/AndroidManifest.xml:59:13-68
activity#com.eNotes.noteshare.NoteMainActivity
ADDED from src/main/AndroidManifest.xml:62:9-66:55
	android:screenOrientation
		ADDED from src/main/AndroidManifest.xml:64:13-49
	android:windowSoftInputMode
		ADDED from src/main/AndroidManifest.xml:66:13-52
	android:theme
		ADDED from src/main/AndroidManifest.xml:65:13-56
	android:name
		ADDED from src/main/AndroidManifest.xml:63:13-65
activity#com.eNotes.noteshare.CheckListActivity
ADDED from src/main/AndroidManifest.xml:67:9-70:59
	android:screenOrientation
		ADDED from src/main/AndroidManifest.xml:69:13-49
	android:theme
		ADDED from src/main/AndroidManifest.xml:70:13-56
	android:name
		ADDED from src/main/AndroidManifest.xml:68:13-66
activity#com.eNotes.noteshare.SettingActivity
ADDED from src/main/AndroidManifest.xml:71:9-74:59
	android:screenOrientation
		ADDED from src/main/AndroidManifest.xml:73:13-49
	android:theme
		ADDED from src/main/AndroidManifest.xml:74:13-56
	android:name
		ADDED from src/main/AndroidManifest.xml:72:13-64
activity#com.eNotes.noteshare.InviteFriendsActivity
ADDED from src/main/AndroidManifest.xml:75:9-78:69
	android:screenOrientation
		ADDED from src/main/AndroidManifest.xml:77:13-49
	android:theme
		ADDED from src/main/AndroidManifest.xml:78:13-66
	android:name
		ADDED from src/main/AndroidManifest.xml:76:13-70
activity#com.eNotes.noteshare.SendFeedbackActivity
ADDED from src/main/AndroidManifest.xml:79:9-82:59
	android:screenOrientation
		ADDED from src/main/AndroidManifest.xml:81:13-49
	android:theme
		ADDED from src/main/AndroidManifest.xml:82:13-56
	android:name
		ADDED from src/main/AndroidManifest.xml:80:13-69
activity#com.eNotes.noteshare.LikeUsOnFacebookActivity
ADDED from src/main/AndroidManifest.xml:83:9-86:59
	android:screenOrientation
		ADDED from src/main/AndroidManifest.xml:85:13-49
	android:theme
		ADDED from src/main/AndroidManifest.xml:86:13-56
	android:name
		ADDED from src/main/AndroidManifest.xml:84:13-73
activity#com.eNotes.noteshare.RateUsActivity
ADDED from src/main/AndroidManifest.xml:87:9-90:59
	android:screenOrientation
		ADDED from src/main/AndroidManifest.xml:89:13-49
	android:theme
		ADDED from src/main/AndroidManifest.xml:90:13-56
	android:name
		ADDED from src/main/AndroidManifest.xml:88:13-63
activity#com.eNotes.noteshare.NotificationCenterActivity
ADDED from src/main/AndroidManifest.xml:91:9-94:59
	android:screenOrientation
		ADDED from src/main/AndroidManifest.xml:93:13-49
	android:theme
		ADDED from src/main/AndroidManifest.xml:94:13-56
	android:name
		ADDED from src/main/AndroidManifest.xml:92:13-75
activity#com.eNotes.noteshare.TermsAndConditionsActivity
ADDED from src/main/AndroidManifest.xml:95:9-98:59
	android:screenOrientation
		ADDED from src/main/AndroidManifest.xml:97:13-49
	android:theme
		ADDED from src/main/AndroidManifest.xml:98:13-56
	android:name
		ADDED from src/main/AndroidManifest.xml:96:13-75
activity#com.eNotes.noteshare.AboutNoteShareActivity
ADDED from src/main/AndroidManifest.xml:99:9-102:59
	android:screenOrientation
		ADDED from src/main/AndroidManifest.xml:101:13-49
	android:theme
		ADDED from src/main/AndroidManifest.xml:102:13-56
	android:name
		ADDED from src/main/AndroidManifest.xml:100:13-71
activity#com.eNotes.noteshare.FolderActivity
ADDED from src/main/AndroidManifest.xml:103:9-106:59
	android:screenOrientation
		ADDED from src/main/AndroidManifest.xml:105:13-49
	android:theme
		ADDED from src/main/AndroidManifest.xml:106:13-56
	android:name
		ADDED from src/main/AndroidManifest.xml:104:13-63
activity#com.eNotes.noteshare.ProfileSettingActivity
ADDED from src/main/AndroidManifest.xml:107:9-110:59
	android:screenOrientation
		ADDED from src/main/AndroidManifest.xml:109:13-49
	android:theme
		ADDED from src/main/AndroidManifest.xml:110:13-56
	android:name
		ADDED from src/main/AndroidManifest.xml:108:13-71
activity#com.eNotes.noteshare.ImageChooserActivity
ADDED from src/main/AndroidManifest.xml:111:9-114:59
	android:screenOrientation
		ADDED from src/main/AndroidManifest.xml:113:13-49
	android:theme
		ADDED from src/main/AndroidManifest.xml:114:13-56
	android:name
		ADDED from src/main/AndroidManifest.xml:112:13-69
activity#com.eNotes.noteshare.AudioChooserActivity
ADDED from src/main/AndroidManifest.xml:115:9-117:59
	android:theme
		ADDED from src/main/AndroidManifest.xml:117:13-56
	android:name
		ADDED from src/main/AndroidManifest.xml:116:13-69
activity#com.eNotes.noteshare.DrawingActivity
ADDED from src/main/AndroidManifest.xml:118:9-121:59
	android:screenOrientation
		ADDED from src/main/AndroidManifest.xml:120:13-49
	android:theme
		ADDED from src/main/AndroidManifest.xml:121:13-56
	android:name
		ADDED from src/main/AndroidManifest.xml:119:13-64
activity#com.eNotes.noteshare.TextChooserActivity
ADDED from src/main/AndroidManifest.xml:122:9-125:59
	android:screenOrientation
		ADDED from src/main/AndroidManifest.xml:124:13-49
	android:theme
		ADDED from src/main/AndroidManifest.xml:125:13-56
	android:name
		ADDED from src/main/AndroidManifest.xml:123:13-68
activity#com.eNotes.noteshare.NewFolderMainActivity
ADDED from src/main/AndroidManifest.xml:126:9-129:59
	android:screenOrientation
		ADDED from src/main/AndroidManifest.xml:128:13-49
	android:theme
		ADDED from src/main/AndroidManifest.xml:129:13-56
	android:name
		ADDED from src/main/AndroidManifest.xml:127:13-70
activity#com.eNotes.noteshare.InteroductionActivity
ADDED from src/main/AndroidManifest.xml:130:9-133:59
	android:screenOrientation
		ADDED from src/main/AndroidManifest.xml:132:13-49
	android:theme
		ADDED from src/main/AndroidManifest.xml:133:13-56
	android:name
		ADDED from src/main/AndroidManifest.xml:131:13-70
activity#com.eNotes.noteshare.NoteItemFullScreen
ADDED from src/main/AndroidManifest.xml:134:9-137:59
	android:screenOrientation
		ADDED from src/main/AndroidManifest.xml:136:13-49
	android:theme
		ADDED from src/main/AndroidManifest.xml:137:13-56
	android:name
		ADDED from src/main/AndroidManifest.xml:135:13-67
activity#com.eNotes.noteshare.NoteTextIItemFullScreen
ADDED from src/main/AndroidManifest.xml:138:9-141:59
	android:screenOrientation
		ADDED from src/main/AndroidManifest.xml:140:13-49
	android:theme
		ADDED from src/main/AndroidManifest.xml:141:13-56
	android:name
		ADDED from src/main/AndroidManifest.xml:139:13-72
activity#com.eNotes.noteshare.NoteShareLockActivity
ADDED from src/main/AndroidManifest.xml:142:9-145:59
	android:screenOrientation
		ADDED from src/main/AndroidManifest.xml:144:13-49
	android:theme
		ADDED from src/main/AndroidManifest.xml:145:13-56
	android:name
		ADDED from src/main/AndroidManifest.xml:143:13-70
activity#com.eNotes.noteshare.FolderNoteListMainActivity
ADDED from src/main/AndroidManifest.xml:146:9-149:59
	android:screenOrientation
		ADDED from src/main/AndroidManifest.xml:148:13-49
	android:theme
		ADDED from src/main/AndroidManifest.xml:149:13-56
	android:name
		ADDED from src/main/AndroidManifest.xml:147:13-75
activity#com.eNotes.noteshare.NoteListingActvity
ADDED from src/main/AndroidManifest.xml:150:9-152:59
	android:theme
		ADDED from src/main/AndroidManifest.xml:152:13-56
	android:name
		ADDED from src/main/AndroidManifest.xml:151:13-67
activity#com.eNotes.noteshare.NoteDetailActivity_1
ADDED from src/main/AndroidManifest.xml:153:9-156:59
	android:label
		ADDED from src/main/AndroidManifest.xml:155:13-74
	android:theme
		ADDED from src/main/AndroidManifest.xml:156:13-56
	android:name
		ADDED from src/main/AndroidManifest.xml:154:13-69
meta-data#com.google.android.gms.version
ADDED from src/main/AndroidManifest.xml:161:9-163:69
MERGED from [com.google.android.gms:play-services-basement:8.4.0] AndroidManifest.xml:21:9-23:69
	android:value
		ADDED from src/main/AndroidManifest.xml:163:13-66
	android:name
		ADDED from src/main/AndroidManifest.xml:162:13-58
activity#com.eNotes.noteshare.TextEditorActivity
ADDED from src/main/AndroidManifest.xml:165:9-168:59
	android:screenOrientation
		ADDED from src/main/AndroidManifest.xml:167:13-49
	android:theme
		ADDED from src/main/AndroidManifest.xml:168:13-56
	android:name
		ADDED from src/main/AndroidManifest.xml:166:13-67
activity#com.eNotes.noteshare.TrashActivity
ADDED from src/main/AndroidManifest.xml:169:9-172:59
	android:screenOrientation
		ADDED from src/main/AndroidManifest.xml:171:13-49
	android:theme
		ADDED from src/main/AndroidManifest.xml:172:13-56
	android:name
		ADDED from src/main/AndroidManifest.xml:170:13-62
activity#com.eNotes.Drawing.NewDrawingActivity
ADDED from src/main/AndroidManifest.xml:173:9-176:59
	android:screenOrientation
		ADDED from src/main/AndroidManifest.xml:175:13-49
	android:theme
		ADDED from src/main/AndroidManifest.xml:176:13-56
	android:name
		ADDED from src/main/AndroidManifest.xml:174:13-65
activity#com.eNotes.Utlity.DatePickerActivity
ADDED from src/main/AndroidManifest.xml:177:9-73
	android:name
		ADDED from src/main/AndroidManifest.xml:177:19-70
activity#com.google.android.gms.ads.AdActivity
ADDED from src/main/AndroidManifest.xml:178:9-181:64
MERGED from [com.google.android.gms:play-services-ads:8.4.0] AndroidManifest.xml:26:9-29:64
	android:configChanges
		ADDED from src/main/AndroidManifest.xml:180:13-122
	android:theme
		ADDED from src/main/AndroidManifest.xml:181:13-61
	android:name
		ADDED from src/main/AndroidManifest.xml:179:13-65
activity#com.eNotes.Memo.MemoDisplayActivity
ADDED from src/main/AndroidManifest.xml:183:9-186:59
	android:screenOrientation
		ADDED from src/main/AndroidManifest.xml:185:13-49
	android:theme
		ADDED from src/main/AndroidManifest.xml:186:13-56
	android:name
		ADDED from src/main/AndroidManifest.xml:184:13-63
activity#com.eNotes.Memo.MemoListingActivity
ADDED from src/main/AndroidManifest.xml:187:9-190:59
	android:screenOrientation
		ADDED from src/main/AndroidManifest.xml:189:13-49
	android:theme
		ADDED from src/main/AndroidManifest.xml:190:13-56
	android:name
		ADDED from src/main/AndroidManifest.xml:188:13-63
activity#com.google.android.gms.ads.purchase.InAppPurchaseActivity
ADDED from [com.google.android.gms:play-services-ads:8.4.0] AndroidManifest.xml:30:9-31:52
	android:theme
		ADDED from [com.google.android.gms:play-services-ads:8.4.0] AndroidManifest.xml:31:13-50
	android:name
		ADDED from [com.google.android.gms:play-services-ads:8.4.0] AndroidManifest.xml:30:19-91